{"C:\\DESENVOLVIMENTO\\PROJETOS\\REACT JS\\Exemples\\reactflix\\src\\redux-flow\\reducers\\create-reducer.js": {"path":"C:\\DESENVOLVIMENTO\\PROJETOS\\REACT JS\\Exemples\\reactflix\\src\\redux-flow\\reducers\\create-reducer.js","statementMap":{"0":{"start":{"line":1,"column":22},"end":{"line":13,"column":1}},"1":{"start":{"line":2,"column":4},"end":{"line":3,"column":64}},"2":{"start":{"line":3,"column":8},"end":{"line":3,"column":64}},"3":{"start":{"line":5,"column":4},"end":{"line":6,"column":102}},"4":{"start":{"line":6,"column":8},"end":{"line":6,"column":102}},"5":{"start":{"line":8,"column":4},"end":{"line":12,"column":5}},"6":{"start":{"line":9,"column":8},"end":{"line":11,"column":19}}},"fnMap":{"0":{"name":"(anonymous_0)","decl":{"start":{"line":1,"column":22},"end":{"line":1,"column":23}},"loc":{"start":{"line":1,"column":56},"end":{"line":13,"column":1}},"line":1},"1":{"name":"(anonymous_1)","decl":{"start":{"line":8,"column":11},"end":{"line":8,"column":12}},"loc":{"start":{"line":9,"column":8},"end":{"line":11,"column":19}},"line":9}},"branchMap":{"0":{"loc":{"start":{"line":2,"column":4},"end":{"line":3,"column":64}},"type":"if","locations":[{"start":{"line":2,"column":4},"end":{"line":3,"column":64}},{"start":{"line":2,"column":4},"end":{"line":3,"column":64}}],"line":2},"1":{"loc":{"start":{"line":5,"column":4},"end":{"line":6,"column":102}},"type":"if","locations":[{"start":{"line":5,"column":4},"end":{"line":6,"column":102}},{"start":{"line":5,"column":4},"end":{"line":6,"column":102}}],"line":5},"2":{"loc":{"start":{"line":8,"column":12},"end":{"line":8,"column":33}},"type":"default-arg","locations":[{"start":{"line":8,"column":20},"end":{"line":8,"column":33}}],"line":8},"3":{"loc":{"start":{"line":9,"column":8},"end":{"line":11,"column":19}},"type":"cond-expr","locations":[{"start":{"line":10,"column":14},"end":{"line":10,"column":55}},{"start":{"line":11,"column":14},"end":{"line":11,"column":19}}],"line":9}},"s":{"0":1,"1":4,"2":1,"3":3,"4":1,"5":2,"6":3},"f":{"0":4,"1":3},"b":{"0":[1,3],"1":[1,2],"2":[1],"3":[1,2]},"_coverageSchema":"332fd63041d2c1bcb487cc26dd0d5f7d97098a6c","hash":"a37640432d431a6d314127a9c72e002a0ca5a52b"}
}
